<?xml version="1.0" encoding="UTF-8"?>
<!-- Generated by org.testng.reporters.JUnitReportReporter -->
<testsuite hostname="DESKTOP-68K6PMG" failures="0" tests="1" name="ArangoDB_Pack.Read_Documents" time="0.720" errors="0" timestamp="2021-03-30T16:01:57 IST" skipped="0">
  <testcase classname="ArangoDB_Pack.Read_Documents" name="MyGETRequest" time="0.720"/>
  <system-out/>
</testsuite> <!-- ArangoDB_Pack.Read_Documents -->
